# Licensed to the Apache Software Foundation (ASF) under one
# or more contributor license agreements.  See the NOTICE file
# distributed with this work for additional information
# regarding copyright ownership.  The ASF licenses this file
# to you under the Apache License, Version 2.0 (the
# "License"); you may not use this file except in compliance
# with the License.  You may obtain a copy of the License at
#
#   http://www.apache.org/licenses/LICENSE-2.0
#
# Unless required by applicable law or agreed to in writing,
# software distributed under the License is distributed on an
# "AS IS" BASIS, WITHOUT WARRANTIES OR CONDITIONS OF ANY
# KIND, either express or implied.  See the License for the
# specific language governing permissions and limitations
# under the License.

TITLE_TEST_RESULTS=Python Test Results
ResultWindowOpenAction.MenuName=Python &Test Results
ACSN_TestResults=Python Test Results
ACSD_TestResults=Displays information about passed and failed tests and output generated by them
ACSN_FilterButton=Filter On/Off
ACSN_RerunButton = Rerun
ACSN_ResultPanelTree=Information about passed and failed tests
ACSD_ResultPanelTree=Displays in a tree structure information about passed, failed and erroneous tests
ACSN_HorizontalScrollbar=Horizontal scrollbar of the results panel
ACSN_OutputTextPane=Test Output
ACSD_OutputTextPane=Displays output and error output generated by executed test methods

MSG_PassedTestsInfo={0,choice,0#No test|1#1 test|1<{0,number,integer} tests} passed
MSG_FailedTestsInfo={0,choice,1#1 test|1<{0,number,integer} tests} failed
MSG_PendingTestsInfo={0,choice,1#1 test|1<{0,number,integer} tests} pending
MSG_ErrorTestsInfo={0,choice,1#1 test|1<{0,number,integer} tests} caused an error

MSG_TestsInfoNoTests=No tests executed.

# "All 58 tests passed."
MSG_TestsInfoAllOK={0,choice,1#The test|2#Both tests|2<All {0,number,integer} tests} passed.

# The result summary can be a combination of passed, pending, failed and error 
# causing tests. The keys below are for all combinations of these, the preferred
# order is passed, pending, failed, error.
MSG_TestResultSummary1 = {0}, {1}.
MSG_TestResultSummary2 = {0}, {1}, {2}.
MSG_TestResultSummary3 = {0}, {1}, {2}, {3}.

# {0} .. name of the test class
MSG_TestsuiteNoname=Test suite
MSG_TestsuiteRunning={0} - running...
MSG_TestsuiteRunningNoname=Test suite running...
# FAILED word should be translated, English message example: "Some_test_suite - FAILED"
MSG_TestsuiteFailed={0} - FAILED
# PENDING word should be translated, English message example: "Some_test_suite - PENDING"
MSG_TestsuitePending={0} - PENDING
MSG_TestsuiteRunning_HTML=running...
MSG_TestsuitePassed_HTML=passed
# FAILED word should be translated
MSG_TestsuiteFailed_HTML=FAILED
# PENDING word should be translated
MSG_TestsuitePending_HTML=PENDING

# {0} .. name of the test method
# FAILED word should be translated, English message example: "Some_test_method_name - FAILED"
MSG_TestMethodFailed={0} - FAILED
# PENDING word should be translated, English message example: "Some_test_method_name - PENDING"
MSG_TestMethodPending={0} - PENDING
MSG_TestMethodError={0} - caused an ERROR
MSG_TestMethodPassed_HTML=passed
# FAILED word should be translated, the meaning is that some test of method failed
MSG_TestMethodFailed_HTML=FAILED
# PENDING word should be translated, the meaning is that some test of method pending
MSG_TestMethodPending_HTML=PENDING
MSG_TestMethodError_HTML=caused an ERROR

# {0} .. name of the test method, {1} .. elapsed time in seconds
MSG_TestMethodPassed_time={0}  ({1,number,0.0##} s)
MSG_TestMethodFailed_time={0} - FAILED  ({1,number,0.0##} s)
MSG_TestMethodPending_time={0} - PENDING ({1,number,0.0##} s)
MSG_TestMethodError_time={0} - caused an ERROR  ({1,number,0.0##} s)
MSG_TestMethodPassed_HTML_time=passed  ({0,number,0.0##} s)
MSG_TestMethodFailed_HTML_time=FAILED  ({0,number,0.0##} s)
MSG_TestMethodPending_HTML_time=PENDING  ({0,number,0.0##} s)
MSG_TestMethodError_HTML_time=caused an ERROR  ({0,number,0.0##} s)

MSG_TestMethodPassed_HTML_cause=passed
# FAILED word should be translated, English message example: "FAILED (Some_test_method)"
MSG_TestMethodFailed_HTML_cause=FAILED  ({0})
# PENDING word should be translated, English message example: "PENDING (Some_test_method)"
MSG_TestMethodPending_HTML_cause=PENDING  ({0})
MSG_TestMethodError_HTML_cause=caused an ERROR  ({0})

# Elapsed time for a test suite
MSG_TestSuiteElapsedTime= ({0,number,0.0##} s)

#
MSG_PassedNotDisplayed=Information about passed tests is not displayed.
MSG_SomePassedNotDisplayed=Information about some passed tests is not displayed.

MSG_StdOutput=Standard Output:
MSG_ErrOutput=Error Output:

#
MultiviewPanel.btnFilter.showAll.tooltip=Show All Results
MultiviewPanel.btnFilter.showFailures.tooltip=Show Failures Only

MultiviewPanel.rerunButton.tooltip=Rerun

LBL_RunningTests=Running...

MSG_Error = {0}) Error:
MSG_Failure = {0}) Failure:

MSG_NextFailure = Next Failure - Ctrl+Period
MSG_PreviousFailure = Previous Failure - Ctrl+Comma
# test results summary
MSG_TestSessionStarting = Running {0}...
MSG_TestSessionFinished = Finished in {0,number,0.0##} seconds.
MSG_TestSessionFinishedSummary = {0} tests, {1} failures, {2} errors

# actions for a test method node
LBL_RerunTest= &Run Again
LBL_DebugTest= &Debug
LBL_GoToSource = &Go to Source

# displayed in tooltip of a test case / suite when there is no output for it
MSG_NoOutput = No output.
